<?xml version="1.0" encoding="UTF-8"?>
<testsuite name="View my notifications" tests="1" skipped="0" failures="0" errors="0" timestamp="2021-07-16T22:59:28" hostname="DESKTOP-5EVHUP8" time="2.374">
  <properties/>
  <testcase name="View my notifications" classname="View my notifications" time="2.374"/>
  <system-out><![CDATA[]]></system-out>
  <system-err><![CDATA[[Test worker] INFO net.thucydides.core.steps.ConsoleLoggingListener - TEST MANUAL
[Test worker] INFO net.thucydides.core.steps.ConsoleLoggingListener - TEST MANUAL
[Test worker] INFO net.thucydides.core.steps.ConsoleLoggingListener - ?[92m
        __    _____ _____ ____ _____   ____   _    ____  ____  _____ ____  
  _     \ \  |_   _| ____/ ___|_   _| |  _ \ / \  / ___|/ ___|| ____|  _ \ 
 (_)_____| |   | | |  _| \___ \ | |   | |_) / _ \ \___ \\___ \|  _| | | | |
  _|_____| |   | | | |___ ___) || |   |  __/ ___ \ ___) |___) | |___| |_| |
 (_)     | |   |_| |_____|____/ |_|   |_| /_/   \_\____/|____/|_____|____/ 
        /_/                                                                

TEST PASSED: View my notifications
----------------------------------------------------------------------------?[0m
]]></system-err>
</testsuite>
