<?xml version="1.0" encoding="UTF-8"?>
<testsuite name="Search tourist attractions" tests="2" skipped="0" failures="0" errors="0" timestamp="2021-07-16T22:58:53" hostname="DESKTOP-5EVHUP8" time="12.143">
  <properties/>
  <testcase name="Search tourist attractions" classname="Search tourist attractions" time="10.794"/>
  <testcase name="Search tourist attractions" classname="Search tourist attractions" time="1.33"/>
  <system-out><![CDATA[]]></system-out>
  <system-err><![CDATA[[Test worker] INFO net.thucydides.core.steps.ConsoleLoggingListener - TEST MANUAL
[Test worker] INFO net.thucydides.core.steps.ConsoleLoggingListener - TEST MANUAL
[Test worker] INFO net.thucydides.core.steps.ConsoleLoggingListener - TEST MANUAL
[Test worker] INFO net.thucydides.core.steps.ConsoleLoggingListener - ?[92m
        __    _____ _____ ____ _____   ____   _    ____  ____  _____ ____  
  _     \ \  |_   _| ____/ ___|_   _| |  _ \ / \  / ___|/ ___|| ____|  _ \ 
 (_)_____| |   | | |  _| \___ \ | |   | |_) / _ \ \___ \\___ \|  _| | | | |
  _|_____| |   | | | |___ ___) || |   |  __/ ___ \ ___) |___) | |___| |_| |
 (_)     | |   |_| |_____|____/ |_|   |_| /_/   \_\____/|____/|_____|____/ 
        /_/                                                                

TEST PASSED: Search tourist attractions
----------------------------------------------------------------------------?[0m
[Test worker] INFO net.thucydides.core.steps.ConsoleLoggingListener - TEST MANUAL
[Test worker] INFO net.thucydides.core.steps.ConsoleLoggingListener - TEST MANUAL
[Test worker] INFO net.thucydides.core.steps.ConsoleLoggingListener - TEST MANUAL
[Test worker] INFO net.thucydides.core.steps.ConsoleLoggingListener - ?[92m
        __    _____ _____ ____ _____   ____   _    ____  ____  _____ ____  
  _     \ \  |_   _| ____/ ___|_   _| |  _ \ / \  / ___|/ ___|| ____|  _ \ 
 (_)_____| |   | | |  _| \___ \ | |   | |_) / _ \ \___ \\___ \|  _| | | | |
  _|_____| |   | | | |___ ___) || |   |  __/ ___ \ ___) |___) | |___| |_| |
 (_)     | |   |_| |_____|____/ |_|   |_| /_/   \_\____/|____/|_____|____/ 
        /_/                                                                

TEST PASSED: Search tourist attractions
----------------------------------------------------------------------------?[0m
]]></system-err>
</testsuite>
